{"timestamp": "2026-05-22 08:57:58.970", "level": "INFO", "event": "SERVER_START", "actor": "SERVER", "message": "Secure File Transfer (Cognito Edition) \u2014 open http://localhost:5000"}
{"timestamp": "2026-05-25 11:38:51.854", "level": "INFO", "event": "SERVER_START", "actor": "SERVER", "message": "Secure File Transfer (Cognito Edition) \u2014 open http://localhost:5000"}
{"timestamp": "2026-05-25 11:45:40.243", "level": "INFO", "event": "SERVER_START", "actor": "SERVER", "message": "Secure File Transfer (Cognito Edition) \u2014 open http://localhost:5000"}
{"timestamp": "2026-05-25 11:47:13.323", "level": "INFO", "event": "KEY_REGISTER", "actor": "SERVER", "message": "'34a80448-90e1-7079-5631-2e60584fe78e' registered public keys."}
{"timestamp": "2026-05-25 11:47:51.561", "level": "INFO", "event": "KEY_UPDATE", "actor": "SERVER", "message": "'34a80448-90e1-7079-5631-2e60584fe78e' updated keys. 0 stale transfer(s) cleared."}
{"timestamp": "2026-05-25 11:49:28.015", "level": "INFO", "event": "KEY_REGISTER", "actor": "SERVER", "message": "'b47814b8-7041-70fe-7b1b-bb9dbed7a5e5' registered public keys."}
{"timestamp": "2026-05-25 11:49:40.283", "level": "INFO", "event": "KEY_UPDATE", "actor": "SERVER", "message": "'34a80448-90e1-7079-5631-2e60584fe78e' updated keys. 0 stale transfer(s) cleared."}
{"timestamp": "2026-05-25 11:49:51.530", "level": "INFO", "event": "KEY_UPDATE", "actor": "SERVER", "message": "'34a80448-90e1-7079-5631-2e60584fe78e' updated keys. 0 stale transfer(s) cleared."}
{"timestamp": "2026-05-25 11:50:21.905", "level": "INFO", "event": "KEY_UPDATE", "actor": "SERVER", "message": "'34a80448-90e1-7079-5631-2e60584fe78e' updated keys. 0 stale transfer(s) cleared."}
{"timestamp": "2026-05-25 11:50:55.623", "level": "INFO", "event": "KEY_FETCH", "actor": "SERVER", "message": "'34a80448-90e1-7079-5631-2e60584fe78e' fetched public key of 'b47814b8-7041-70fe-7b1b-bb9dbed7a5e5' for client-side encryption"}
{"timestamp": "2026-05-25 11:50:55.998", "level": "INFO", "event": "TRANSFER_INIT", "actor": "SERVER", "message": "Transfer 1adcd573\u2026 | '34a80448-90e1-7079-5631-2e60584fe78e' \u2192 'b47814b8-7041-70fe-7b1b-bb9dbed7a5e5' | 'Copy of GPA Calculation.xlsx'"}
{"timestamp": "2026-05-25 11:50:56.262", "level": "INFO", "event": "CHUNK_RECV", "actor": "SERVER", "message": "Transfer 1adcd573\u2026 | Chunk 1/1 | 28584 bytes"}
{"timestamp": "2026-05-25 11:50:56.304", "level": "INFO", "event": "TRANSFER_READY", "actor": "SERVER", "message": "Transfer 1adcd573\u2026 | All 1 chunk(s) ready for 'b47814b8-7041-70fe-7b1b-bb9dbed7a5e5'"}
{"timestamp": "2026-05-25 11:51:03.825", "level": "INFO", "event": "CHUNK_SENT", "actor": "SERVER", "message": "Transfer 1adcd573\u2026 | Chunk 1/1 \u2192 'b47814b8-7041-70fe-7b1b-bb9dbed7a5e5'"}
{"timestamp": "2026-05-25 11:51:04.116", "level": "SUCCESS", "event": "COMPLETE", "actor": "SERVER", "message": "Transfer 1adcd573\u2026 | '34a80448-90e1-7079-5631-2e60584fe78e' \u2192 'b47814b8-7041-70fe-7b1b-bb9dbed7a5e5' | 'Copy of GPA Calculation.xlsx'"}
{"timestamp": "2026-05-25 11:52:04.085", "level": "INFO", "event": "KEY_UPDATE", "actor": "SERVER", "message": "'34a80448-90e1-7079-5631-2e60584fe78e' updated keys. 0 stale transfer(s) cleared."}
{"timestamp": "2026-05-25 11:52:08.733", "level": "INFO", "event": "KEY_UPDATE", "actor": "SERVER", "message": "'34a80448-90e1-7079-5631-2e60584fe78e' updated keys. 0 stale transfer(s) cleared."}
{"timestamp": "2026-05-25 11:52:24.934", "level": "INFO", "event": "KEY_FETCH", "actor": "SERVER", "message": "'34a80448-90e1-7079-5631-2e60584fe78e' fetched public key of 'b47814b8-7041-70fe-7b1b-bb9dbed7a5e5' for client-side encryption"}
{"timestamp": "2026-05-25 11:52:25.225", "level": "INFO", "event": "TRANSFER_INIT", "actor": "SERVER", "message": "Transfer 0c912272\u2026 | '34a80448-90e1-7079-5631-2e60584fe78e' \u2192 'b47814b8-7041-70fe-7b1b-bb9dbed7a5e5' | 'Copy of GPA Calculation.xlsx'"}
{"timestamp": "2026-05-25 11:52:25.450", "level": "INFO", "event": "CHUNK_RECV", "actor": "SERVER", "message": "Transfer 0c912272\u2026 | Chunk 1/1 | 28584 bytes"}
{"timestamp": "2026-05-25 11:52:25.478", "level": "INFO", "event": "TRANSFER_READY", "actor": "SERVER", "message": "Transfer 0c912272\u2026 | All 1 chunk(s) ready for 'b47814b8-7041-70fe-7b1b-bb9dbed7a5e5'"}
{"timestamp": "2026-05-25 11:52:50.932", "level": "INFO", "event": "KEY_UPDATE", "actor": "SERVER", "message": "'b47814b8-7041-70fe-7b1b-bb9dbed7a5e5' updated keys. 1 stale transfer(s) cleared."}
{"timestamp": "2026-05-25 11:54:10.972", "level": "INFO", "event": "KEY_UPDATE", "actor": "SERVER", "message": "'b47814b8-7041-70fe-7b1b-bb9dbed7a5e5' updated keys. 0 stale transfer(s) cleared."}
{"timestamp": "2026-05-25 11:54:13.986", "level": "INFO", "event": "KEY_UPDATE", "actor": "SERVER", "message": "'b47814b8-7041-70fe-7b1b-bb9dbed7a5e5' updated keys. 0 stale transfer(s) cleared."}
{"timestamp": "2026-05-25 11:54:19.625", "level": "INFO", "event": "KEY_UPDATE", "actor": "SERVER", "message": "'b47814b8-7041-70fe-7b1b-bb9dbed7a5e5' updated keys. 0 stale transfer(s) cleared."}
{"timestamp": "2026-05-25 11:54:26.072", "level": "INFO", "event": "KEY_UPDATE", "actor": "SERVER", "message": "'b47814b8-7041-70fe-7b1b-bb9dbed7a5e5' updated keys. 0 stale transfer(s) cleared."}
{"timestamp": "2026-05-25 11:54:29.160", "level": "INFO", "event": "KEY_UPDATE", "actor": "SERVER", "message": "'b47814b8-7041-70fe-7b1b-bb9dbed7a5e5' updated keys. 0 stale transfer(s) cleared."}
{"timestamp": "2026-05-25 12:02:42.454", "level": "INFO", "event": "KEY_UPDATE", "actor": "SERVER", "message": "'34a80448-90e1-7079-5631-2e60584fe78e' updated keys. 0 stale transfer(s) cleared."}
{"timestamp": "2026-05-25 12:03:28.568", "level": "INFO", "event": "KEY_UPDATE", "actor": "SERVER", "message": "'b47814b8-7041-70fe-7b1b-bb9dbed7a5e5' updated keys. 0 stale transfer(s) cleared."}
{"timestamp": "2026-05-25 12:19:31.000", "level": "INFO", "event": "KEY_UPDATE", "actor": "SERVER", "message": "'34a80448-90e1-7079-5631-2e60584fe78e' updated keys. 0 stale transfer(s) cleared."}
{"timestamp": "2026-05-25 12:19:37.623", "level": "INFO", "event": "KEY_UPDATE", "actor": "SERVER", "message": "'b47814b8-7041-70fe-7b1b-bb9dbed7a5e5' updated keys. 0 stale transfer(s) cleared."}
{"timestamp": "2026-05-25 12:20:21.470", "level": "INFO", "event": "KEY_UPDATE", "actor": "SERVER", "message": "'34a80448-90e1-7079-5631-2e60584fe78e' updated keys. 0 stale transfer(s) cleared."}
{"timestamp": "2026-05-25 12:20:29.860", "level": "INFO", "event": "KEY_UPDATE", "actor": "SERVER", "message": "'34a80448-90e1-7079-5631-2e60584fe78e' updated keys. 0 stale transfer(s) cleared."}
{"timestamp": "2026-05-30 10:26:51.996", "level": "INFO", "event": "SERVER_START", "actor": "SERVER", "message": "Secure File Transfer (Cognito Edition) \u2014 open http://localhost:5000"}
{"timestamp": "2026-05-30 10:28:42.525", "level": "INFO", "event": "SERVER_START", "actor": "SERVER", "message": "Secure File Transfer (Cognito Edition) \u2014 open http://localhost:5000"}
{"timestamp": "2026-05-30 10:32:33.623", "level": "INFO", "event": "SERVER_START", "actor": "SERVER", "message": "Secure File Transfer (Cognito Edition) \u2014 open http://localhost:5000"}
{"timestamp": "2026-05-30 10:33:25.284", "level": "INFO", "event": "KEY_REGISTER", "actor": "SERVER", "message": "'Chanidu' (24683458\u2026) registered. Keys stored."}
{"timestamp": "2026-05-30 10:35:33.763", "level": "INFO", "event": "KEY_REGISTER", "actor": "SERVER", "message": "'ControlFlooding' (a41874f8\u2026) registered. Keys stored."}
{"timestamp": "2026-05-30 10:37:01.893", "level": "INFO", "event": "KEY_FETCH", "actor": "SERVER", "message": "'a41874f8\u2026' fetched public key of 'Chanidu'"}
{"timestamp": "2026-05-30 10:37:02.159", "level": "INFO", "event": "TRANSFER_INIT", "actor": "SERVER", "message": "'ControlFlooding' \u2192 '24683458-50c1-70ee-0411-3300c33bd8a2' | 'report (3).pdf'"}
{"timestamp": "2026-05-30 10:37:04.538", "level": "INFO", "event": "TRANSFER_READY", "actor": "SERVER", "message": "Transfer 8adbfed2\u2026 | All 13 chunk(s) ready for '24683458-50c1-70ee-0411-3300c33bd8a2'"}
{"timestamp": "2026-05-30 10:37:27.365", "level": "SUCCESS", "event": "COMPLETE", "actor": "SERVER", "message": "'ControlFlooding' \u2192 'Chanidu' | 'report (3).pdf'"}
{"timestamp": "2026-05-30 10:40:52.980", "level": "INFO", "event": "KEY_FETCH", "actor": "SERVER", "message": "'a41874f8\u2026' fetched public key of 'Chanidu'"}
{"timestamp": "2026-05-30 10:40:53.345", "level": "INFO", "event": "TRANSFER_INIT", "actor": "SERVER", "message": "'ControlFlooding' \u2192 '24683458-50c1-70ee-0411-3300c33bd8a2' | 'report (3).pdf'"}
{"timestamp": "2026-05-30 10:40:55.699", "level": "INFO", "event": "TRANSFER_READY", "actor": "SERVER", "message": "Transfer 97803292\u2026 | All 13 chunk(s) ready for '24683458-50c1-70ee-0411-3300c33bd8a2'"}
{"timestamp": "2026-05-30 11:10:13.307", "level": "INFO", "event": "SERVER_START", "actor": "SERVER", "message": "Secure File Transfer (Cognito Edition) \u2014 open http://localhost:5000"}
{"timestamp": "2026-05-30 11:10:44.051", "level": "SUCCESS", "event": "LOGIN", "actor": "SERVER", "message": "'Chanidu' logged in. Fresh RSA keys registered. Private key stays in browser."}
{"timestamp": "2026-05-30 11:11:20.290", "level": "SUCCESS", "event": "LOGIN", "actor": "SERVER", "message": "'Chanidu' logged in. Fresh RSA keys registered. Private key stays in browser."}
{"timestamp": "2026-05-30 11:11:33.988", "level": "INFO", "event": "SESSION_END", "actor": "SERVER", "message": "'Chanidu' session ended \u2014 public key cleared, user offline."}
{"timestamp": "2026-05-30 11:11:34.327", "level": "INFO", "event": "LOGOUT", "actor": "SERVER", "message": "Session ended for sub=24683458\u2026"}
{"timestamp": "2026-05-30 11:11:47.873", "level": "SUCCESS", "event": "LOGIN", "actor": "SERVER", "message": "'Chanidu' logged in. Fresh RSA keys registered. Private key stays in browser."}
{"timestamp": "2026-05-30 11:12:35.961", "level": "INFO", "event": "SERVER_START", "actor": "SERVER", "message": "Secure File Transfer (Cognito Edition) \u2014 open http://localhost:5000"}
{"timestamp": "2026-05-30 11:12:56.549", "level": "SUCCESS", "event": "LOGIN", "actor": "SERVER", "message": "'Chanidu' logged in. Fresh RSA keys registered. Private key stays in browser."}
{"timestamp": "2026-05-30 11:13:16.198", "level": "SUCCESS", "event": "LOGIN", "actor": "SERVER", "message": "'controlflooding' logged in. Fresh RSA keys registered. Private key stays in browser."}
{"timestamp": "2026-05-30 11:13:58.274", "level": "INFO", "event": "SESSION_END", "actor": "SERVER", "message": "'Chanidu' session ended \u2014 public key cleared, user offline."}
{"timestamp": "2026-05-30 11:13:58.604", "level": "INFO", "event": "LOGOUT", "actor": "SERVER", "message": "Session ended for sub=24683458\u2026"}
{"timestamp": "2026-05-30 11:14:43.936", "level": "SUCCESS", "event": "LOGIN", "actor": "SERVER", "message": "'Chanidu' logged in. Fresh RSA keys registered. Private key stays in browser."}
{"timestamp": "2026-05-30 11:17:03.778", "level": "INFO", "event": "KEY_FETCH", "actor": "SERVER", "message": "'24683458\u2026' fetched public key of 'controlflooding'"}
{"timestamp": "2026-05-30 11:17:04.133", "level": "INFO", "event": "TRANSFER_INIT", "actor": "SERVER", "message": "'Chanidu' \u2192 'controlflooding' | 'edcf_routing_pem.csv'"}
{"timestamp": "2026-05-30 11:17:04.410", "level": "INFO", "event": "TRANSFER_READY", "actor": "SERVER", "message": "Transfer d1ccd706\u2026 all 1 chunk(s) ready"}
{"timestamp": "2026-05-30 11:56:19.306", "level": "INFO", "event": "SERVER_START", "actor": "SERVER", "message": "Secure File Transfer (Cognito Edition) \u2014 open http://localhost:5000"}
{"timestamp": "2026-05-30 11:58:15.970", "level": "INFO", "event": "SERVER_START", "actor": "SERVER", "message": "Secure File Transfer (Cognito Edition) \u2014 open http://localhost:5000"}
{"timestamp": "2026-05-30 11:58:59.345", "level": "INFO", "event": "SERVER_START", "actor": "SERVER", "message": "Secure File Transfer (Cognito Edition) \u2014 open http://localhost:5000"}
{"timestamp": "2026-05-30 12:02:29.772", "level": "INFO", "event": "SERVER_START", "actor": "SERVER", "message": "Secure File Transfer (Cognito Edition) \u2014 open http://localhost:5000"}
{"timestamp": "2026-05-30 12:04:49.338", "level": "INFO", "event": "SERVER_START", "actor": "SERVER", "message": "Secure File Transfer (Cognito Edition) \u2014 open http://localhost:5000"}
{"timestamp": "2026-05-30 12:05:34.346", "level": "INFO", "event": "SERVER_START", "actor": "SERVER", "message": "Secure File Transfer (Cognito Edition) \u2014 open http://localhost:5000"}
{"timestamp": "2026-05-30 12:06:22.992", "level": "INFO", "event": "SERVER_START", "actor": "SERVER", "message": "Secure File Transfer (Cognito Edition) \u2014 open http://localhost:5000"}
{"timestamp": "2026-05-30 12:07:39.747", "level": "INFO", "event": "SERVER_START", "actor": "SERVER", "message": "Secure File Transfer (Cognito Edition) \u2014 open http://localhost:5000"}
{"timestamp": "2026-05-30 12:09:12.439", "level": "INFO", "event": "SERVER_START", "actor": "SERVER", "message": "Secure File Transfer (Cognito Edition) \u2014 open http://localhost:5000"}
{"timestamp": "2026-05-30 12:09:33.564", "level": "SUCCESS", "event": "LOGIN", "actor": "SERVER", "message": "'Chanidu' logged in. Fresh RSA keys registered. Private key stays in browser."}
{"timestamp": "2026-05-30 12:10:18.759", "level": "INFO", "event": "SESSION_END", "actor": "SERVER", "message": "'Chanidu' session ended \u2014 public key cleared, user offline."}
{"timestamp": "2026-05-30 12:10:19.094", "level": "INFO", "event": "LOGOUT", "actor": "SERVER", "message": "Session ended for sub=24683458\u2026"}
{"timestamp": "2026-05-30 12:10:53.741", "level": "INFO", "event": "SERVER_START", "actor": "SERVER", "message": "Secure File Transfer (Cognito Edition) \u2014 open http://localhost:5000"}
{"timestamp": "2026-05-30 12:12:48.182", "level": "INFO", "event": "SERVER_START", "actor": "SERVER", "message": "Secure File Transfer (Cognito Edition) \u2014 open http://localhost:5000"}
{"timestamp": "2026-05-30 12:13:16.333", "level": "INFO", "event": "SERVER_START", "actor": "SERVER", "message": "Secure File Transfer (Cognito Edition) \u2014 open http://localhost:5000"}
{"timestamp": "2026-05-30 13:09:00.436", "level": "INFO", "event": "SERVER_START", "actor": "SERVER", "message": "Secure File Transfer (Cognito Edition) \u2014 open http://localhost:5000"}
{"timestamp": "2026-05-30 13:12:23.264", "level": "SUCCESS", "event": "LOGIN", "actor": "SERVER", "message": "'Chanidu' logged in. Fresh RSA keys registered. Private key stays in browser."}
{"timestamp": "2026-05-30 13:13:45.732", "level": "INFO", "event": "SESSION_END", "actor": "SERVER", "message": "'Chanidu' session ended \u2014 public key cleared, user offline."}
{"timestamp": "2026-05-30 13:13:46.080", "level": "INFO", "event": "LOGOUT", "actor": "SERVER", "message": "Session ended for sub=f4482478\u2026"}
{"timestamp": "2026-05-30 13:37:12.871", "level": "INFO", "event": "SERVER_START", "actor": "SERVER", "message": "Secure File Transfer (Cognito Edition) \u2014 open http://localhost:5000"}
{"timestamp": "2026-05-30 13:38:13.346", "level": "SUCCESS", "event": "LOGIN", "actor": "SERVER", "message": "'Chanidu' logged in. Fresh RSA keys registered. Private key stays in browser."}
{"timestamp": "2026-05-30 13:45:08.368", "level": "INFO", "event": "SERVER_START", "actor": "SERVER", "message": "Secure File Transfer (Cognito Edition) \u2014 open http://localhost:5000"}
{"timestamp": "2026-05-30 13:49:01.861", "level": "INFO", "event": "SERVER_START", "actor": "SERVER", "message": "Secure File Transfer (Cognito Edition) \u2014 open http://localhost:5000"}
{"timestamp": "2026-05-30 13:53:12.629", "level": "INFO", "event": "SERVER_START", "actor": "SERVER", "message": "Secure File Transfer (Cognito Edition) \u2014 open http://localhost:5000"}
{"timestamp": "2026-05-30 13:53:24.594", "level": "SUCCESS", "event": "LOGIN", "actor": "SERVER", "message": "'Chanidu' logged in. Fresh RSA keys registered. Private key stays in browser."}
{"timestamp": "2026-05-30 13:54:13.237", "level": "INFO", "event": "SESSION_END", "actor": "SERVER", "message": "'Chanidu' session ended \u2014 public key cleared, user offline."}
{"timestamp": "2026-05-30 13:54:13.370", "level": "INFO", "event": "LOGOUT", "actor": "SERVER", "message": "Session ended for sub=f4482478\u2026"}
{"timestamp": "2026-05-30 14:22:59.088", "level": "INFO", "event": "SERVER_START", "actor": "SERVER", "message": "Secure File Transfer (Cognito Edition) \u2014 open http://localhost:5000"}
{"timestamp": "2026-05-30 14:23:56.242", "level": "SUCCESS", "event": "LOGIN", "actor": "SERVER", "message": "'Chanidu' logged in. Fresh RSA keys registered. Private key stays in browser."}
{"timestamp": "2026-05-30 14:24:17.511", "level": "SUCCESS", "event": "LOGIN", "actor": "SERVER", "message": "'controlflooding' logged in. Fresh RSA keys registered. Private key stays in browser."}
{"timestamp": "2026-05-30 14:25:10.170", "level": "INFO", "event": "SESSION_END", "actor": "SERVER", "message": "'Chanidu' session ended \u2014 public key cleared, user offline."}
{"timestamp": "2026-05-30 14:25:10.497", "level": "INFO", "event": "LOGOUT", "actor": "SERVER", "message": "Session ended for sub=f4482478\u2026"}
{"timestamp": "2026-05-30 14:26:38.568", "level": "INFO", "event": "SERVER_START", "actor": "SERVER", "message": "Secure File Transfer (Cognito Edition) \u2014 open http://localhost:5000"}
{"timestamp": "2026-05-30 14:27:53.164", "level": "SUCCESS", "event": "LOGIN", "actor": "SERVER", "message": "'Chanidu' logged in. Fresh RSA keys registered. Private key stays in browser."}
{"timestamp": "2026-05-30 14:28:19.216", "level": "INFO", "event": "KEY_FETCH", "actor": "SERVER", "message": "'f4482478\u2026' fetched public key of 'controlflooding'"}
{"timestamp": "2026-05-30 14:28:19.582", "level": "INFO", "event": "TRANSFER_INIT", "actor": "SERVER", "message": "'Chanidu' \u2192 'controlflooding' | 'edcf_routing_pem.csv'"}
{"timestamp": "2026-05-30 14:28:19.846", "level": "INFO", "event": "TRANSFER_READY", "actor": "SERVER", "message": "Transfer f14a2077\u2026 all 1 chunk(s) ready"}
